TN:
SF:script/Deploy.s.sol
FN:10,DeployScript.setUp
FNDA:0,DeployScript.setUp
FN:12,DeployScript.run
FNDA:0,DeployScript.run
DA:13,0
DA:16,0
DA:17,0
DA:19,0
DA:22,0
DA:23,0
DA:25,0
DA:28,0
DA:30,0
FNF:2
FNH:0
LF:9
LH:0
BRF:0
BRH:0
end_of_record
TN:
SF:src/BatonLaunchpad.sol
FN:50,BatonLaunchpad.create
FNDA:24,BatonLaunchpad.create
DA:52,24
DA:55,24
FN:72,BatonLaunchpad.setNftImplementation
FNDA:2,BatonLaunchpad.setNftImplementation
DA:73,1
FN:80,BatonLaunchpad.setFeeRate
FNDA:3,BatonLaunchpad.setFeeRate
DA:81,2
FNF:3
FNH:3
LF:4
LH:4
BRF:0
BRH:0
end_of_record
TN:
SF:src/Nft.sol
FN:146,Nft.initialize
FNDA:24,Nft.initialize
DA:160,24
BRDA:160,0,0,1
BRDA:160,0,1,23
DA:163,23
BRDA:163,1,0,-
BRDA:163,1,1,23
DA:167,23
BRDA:167,2,0,1
BRDA:167,2,1,22
DA:168,1
DA:173,22
BRDA:172,3,0,2
BRDA:172,3,1,20
DA:175,2
DA:179,20
BRDA:178,4,0,2
BRDA:178,4,1,18
DA:181,2
DA:185,18
BRDA:184,5,0,2
BRDA:184,5,1,16
DA:187,2
DA:190,16
BRDA:190,6,0,1
BRDA:190,6,1,15
DA:191,1
DA:197,15
DA:200,15
DA:203,15
DA:204,16
DA:208,15
DA:211,15
DA:214,15
DA:217,15
DA:220,15
FN:234,Nft.mint
FNDA:48,Nft.mint
DA:237,48
DA:240,48
BRDA:240,7,0,-
BRDA:240,7,1,48
DA:243,48
BRDA:243,8,0,1
BRDA:243,8,1,47
DA:244,1
DA:248,47
DA:249,47
DA:250,47
BRDA:250,9,0,1
BRDA:250,9,1,46
DA:253,46
DA:254,46
BRDA:254,10,0,1
BRDA:254,10,1,45
DA:255,1
DA:260,45
DA:262,2
BRDA:259,11,0,1
BRDA:259,11,1,44
DA:266,1
DA:271,44
BRDA:271,12,0,8
BRDA:271,12,1,44
DA:273,8
DA:274,8
DA:278,44
DA:280,44
BRDA:280,13,0,28
BRDA:280,13,1,44
DA:282,28
DA:287,44
BRDA:287,14,0,1
BRDA:287,14,1,44
DA:289,1
DA:292,44
FN:304,Nft.refund
FNDA:12,Nft.refund
DA:308,12
BRDA:308,15,0,1
BRDA:308,15,1,11
DA:311,11
BRDA:311,16,0,1
BRDA:311,16,1,10
DA:314,10
BRDA:314,17,0,1
BRDA:314,17,1,9
DA:318,9
DA:320,12
DA:324,8
DA:325,8
DA:328,8
DA:329,8
DA:334,8
DA:336,8
FN:344,Nft.vest
FNDA:6,Nft.vest
DA:348,6
BRDA:348,18,0,1
BRDA:348,18,1,5
DA:353,5
BRDA:352,19,0,1
BRDA:352,19,1,4
DA:357,1
DA:361,4
DA:362,4
BRDA:362,20,0,1
BRDA:362,20,1,3
DA:367,3
DA:370,3
DA:372,3
FN:383,Nft.lockLp
FNDA:13,Nft.lockLp
DA:387,13
BRDA:387,21,0,1
BRDA:387,21,1,12
DA:390,12
BRDA:390,22,0,1
BRDA:390,22,1,11
DA:393,11
DA:396,11
BRDA:396,23,0,1
BRDA:396,23,1,10
DA:401,10
DA:402,10
BRDA:402,24,0,-
BRDA:402,24,1,4
DA:403,4
DA:407,10
DA:408,10
DA:409,10
DA:410,5305
DA:415,10
DA:421,10
DA:422,10
DA:426,10
FN:437,Nft.seedYieldFarm
FNDA:13,Nft.seedYieldFarm
DA:441,13
BRDA:441,25,0,1
BRDA:441,25,1,12
DA:444,12
BRDA:444,26,0,1
BRDA:444,26,1,11
DA:447,11
BRDA:447,27,0,1
BRDA:447,27,1,10
DA:450,10
DA:451,10
BRDA:451,28,0,1
BRDA:451,28,1,9
DA:456,9
DA:457,9
BRDA:457,29,0,-
BRDA:457,29,1,1
DA:458,1
DA:462,9
DA:463,9
DA:464,9
DA:465,2699
DA:469,9
DA:472,9
DA:473,9
DA:476,9
BRDA:476,30,0,-
BRDA:476,30,1,8
DA:478,8
DA:481,8
DA:494,8
DA:497,1
DA:500,9
FN:507,Nft.withdraw
FNDA:5,Nft.withdraw
DA:511,4
BRDA:511,31,0,1
BRDA:511,31,1,3
DA:514,3
BRDA:514,32,0,1
BRDA:514,32,1,2
DA:517,2
BRDA:517,33,0,1
BRDA:517,33,1,1
DA:520,1
DA:521,1
DA:523,1
FN:533,Nft.initiateLockedLpMigration
FNDA:5,Nft.initiateLockedLpMigration
DA:535,4
DA:537,4
FN:546,Nft.migrateLockedLp
FNDA:4,Nft.migrateLockedLp
DA:550,4
BRDA:550,34,0,1
BRDA:550,34,1,3
DA:553,3
BRDA:553,35,0,1
BRDA:553,35,1,2
DA:556,2
BRDA:556,36,0,1
BRDA:556,36,1,1
DA:561,1
DA:562,1
DA:563,1
DA:565,1
FN:574,Nft.vested
FNDA:3,Nft.vested
DA:577,7
DA:578,7
DA:579,7
BRDA:579,37,0,1
BRDA:579,37,1,6
DA:582,6
BRDA:582,38,0,1
BRDA:582,38,1,5
DA:584,5
DA:586,5
FN:607,Nft.minEthRaised
FNDA:2,Nft.minEthRaised
DA:608,25
DA:610,25
DA:612,37
BRDA:612,39,0,1
BRDA:612,39,1,36
DA:615,36
DA:616,36
DA:619,36
BRDA:619,40,0,21
BRDA:619,40,1,24
DA:622,24
FN:625,Nft.categories
FNDA:53,Nft.categories
DA:626,53
FN:629,Nft.accounts
FNDA:8,Nft.accounts
DA:630,8
FN:633,Nft.vestingParams
FNDA:3,Nft.vestingParams
DA:634,3
FN:637,Nft.lockLpParams
FNDA:1009,Nft.lockLpParams
DA:638,1009
FN:641,Nft.yieldFarmParams
FNDA:3,Nft.yieldFarmParams
DA:642,3
FN:645,Nft.refundParams
FNDA:2,Nft.refundParams
DA:646,2
FN:652,Nft.min
FNDA:82,Nft.min
DA:653,82
FN:670,Nft.transferFrom
FNDA:2,Nft.transferFrom
DA:674,8006
BRDA:674,41,0,8004
BRDA:674,41,1,-
DA:675,8004
DA:677,8004
BRDA:677,42,0,8004
BRDA:677,42,1,-
DA:678,8004
DA:684,2
BRDA:684,43,0,1
BRDA:684,43,1,-
DA:685,1
DA:688,1
BRDA:688,44,0,1
BRDA:688,44,1,-
DA:691,1
FNF:19
FNH:19
LF:141
LH:141
BRF:90
BRH:81
end_of_record
