TN:
SF:script/Deploy.s.sol
FN:10,DeployScript.setUp
FNDA:0,DeployScript.setUp
FN:12,DeployScript.run
FNDA:0,DeployScript.run
DA:13,0
DA:16,0
DA:17,0
DA:19,0
DA:22,0
DA:23,0
DA:25,0
DA:28,0
DA:30,0
FNF:2
FNH:0
LF:9
LH:0
BRF:0
BRH:0
end_of_record
TN:
SF:src/BatonLaunchpad.sol
FN:50,BatonLaunchpad.create
FNDA:23,BatonLaunchpad.create
DA:52,23
DA:55,23
FN:72,BatonLaunchpad.setNftImplementation
FNDA:2,BatonLaunchpad.setNftImplementation
DA:73,1
FN:80,BatonLaunchpad.setFeeRate
FNDA:3,BatonLaunchpad.setFeeRate
DA:81,2
FNF:3
FNH:3
LF:4
LH:4
BRF:0
BRH:0
end_of_record
TN:
SF:src/Nft.sol
FN:146,Nft.initialize
FNDA:23,Nft.initialize
DA:160,23
BRDA:160,0,0,1
BRDA:160,0,1,22
DA:163,22
BRDA:163,1,0,-
BRDA:163,1,1,22
DA:167,22
BRDA:167,2,0,1
BRDA:167,2,1,21
DA:168,1
DA:174,21
BRDA:173,3,0,2
BRDA:173,3,1,19
DA:176,2
DA:180,19
BRDA:179,4,0,2
BRDA:179,4,1,17
DA:182,2
DA:186,17
BRDA:185,5,0,2
BRDA:185,5,1,15
DA:188,2
DA:191,15
BRDA:191,6,0,1
BRDA:191,6,1,14
DA:192,1
DA:198,14
DA:201,14
DA:204,14
DA:205,15
DA:209,14
DA:212,14
DA:215,14
DA:218,14
DA:221,14
FN:235,Nft.mint
FNDA:47,Nft.mint
DA:238,47
DA:241,47
BRDA:241,7,0,-
BRDA:241,7,1,47
DA:244,47
BRDA:244,8,0,1
BRDA:244,8,1,46
DA:245,1
DA:249,46
DA:250,46
DA:251,46
BRDA:251,9,0,1
BRDA:251,9,1,45
DA:254,45
DA:255,45
BRDA:255,10,0,1
BRDA:255,10,1,44
DA:256,1
DA:261,44
DA:263,2
BRDA:260,11,0,1
BRDA:260,11,1,43
DA:267,1
DA:272,43
BRDA:272,12,0,8
BRDA:272,12,1,43
DA:274,8
DA:275,8
DA:279,43
DA:281,43
BRDA:281,13,0,27
BRDA:281,13,1,43
DA:283,27
DA:288,43
BRDA:288,14,0,1
BRDA:288,14,1,43
DA:290,1
DA:293,43
FN:305,Nft.refund
FNDA:12,Nft.refund
DA:309,12
BRDA:309,15,0,1
BRDA:309,15,1,11
DA:312,11
BRDA:312,16,0,1
BRDA:312,16,1,10
DA:315,10
BRDA:315,17,0,1
BRDA:315,17,1,9
DA:319,9
DA:321,12
DA:325,8
DA:326,8
DA:329,8
DA:330,8
DA:335,8
DA:337,8
FN:345,Nft.vest
FNDA:5,Nft.vest
DA:349,5
BRDA:349,18,0,1
BRDA:349,18,1,4
DA:354,4
BRDA:353,19,0,1
BRDA:353,19,1,3
DA:358,1
DA:362,3
DA:363,3
BRDA:363,20,0,1
BRDA:363,20,1,2
DA:368,2
DA:371,2
DA:373,2
FN:384,Nft.lockLp
FNDA:13,Nft.lockLp
DA:388,13
BRDA:388,21,0,1
BRDA:388,21,1,12
DA:391,12
BRDA:391,22,0,1
BRDA:391,22,1,11
DA:394,11
DA:397,11
BRDA:397,23,0,1
BRDA:397,23,1,10
DA:402,10
DA:403,10
BRDA:403,24,0,-
BRDA:403,24,1,4
DA:404,4
DA:408,10
DA:409,10
DA:410,10
DA:411,5305
DA:416,10
DA:422,10
DA:423,10
DA:427,10
FN:438,Nft.seedYieldFarm
FNDA:13,Nft.seedYieldFarm
DA:442,13
BRDA:442,25,0,1
BRDA:442,25,1,12
DA:445,12
BRDA:445,26,0,1
BRDA:445,26,1,11
DA:448,11
BRDA:448,27,0,1
BRDA:448,27,1,10
DA:451,10
DA:452,10
BRDA:452,28,0,1
BRDA:452,28,1,9
DA:457,9
DA:458,9
BRDA:458,29,0,-
BRDA:458,29,1,1
DA:459,1
DA:463,9
DA:464,9
DA:465,9
DA:466,2699
DA:470,9
DA:473,9
DA:474,9
DA:477,9
BRDA:477,30,0,-
BRDA:477,30,1,8
DA:479,8
DA:482,8
DA:495,8
DA:498,1
DA:501,9
FN:508,Nft.withdraw
FNDA:5,Nft.withdraw
DA:512,4
BRDA:512,31,0,1
BRDA:512,31,1,3
DA:515,3
BRDA:515,32,0,1
BRDA:515,32,1,2
DA:518,2
BRDA:518,33,0,1
BRDA:518,33,1,1
DA:521,1
DA:522,1
DA:524,1
FN:534,Nft.initiateLockedLpMigration
FNDA:5,Nft.initiateLockedLpMigration
DA:536,4
DA:538,4
FN:547,Nft.migrateLockedLp
FNDA:4,Nft.migrateLockedLp
DA:551,4
BRDA:551,34,0,1
BRDA:551,34,1,3
DA:554,3
BRDA:554,35,0,1
BRDA:554,35,1,2
DA:557,2
BRDA:557,36,0,1
BRDA:557,36,1,1
DA:562,1
DA:563,1
DA:564,1
DA:566,1
FN:575,Nft.vested
FNDA:3,Nft.vested
DA:578,6
DA:579,6
DA:580,6
BRDA:580,37,0,1
BRDA:580,37,1,5
DA:582,5
DA:584,5
FN:602,Nft.minEthRaised
FNDA:2,Nft.minEthRaised
DA:603,24
DA:605,24
DA:607,36
BRDA:607,38,0,1
BRDA:607,38,1,35
DA:610,35
DA:611,35
DA:614,35
BRDA:614,39,0,21
BRDA:614,39,1,23
DA:617,23
FN:620,Nft.categories
FNDA:52,Nft.categories
DA:621,52
FN:624,Nft.accounts
FNDA:8,Nft.accounts
DA:625,8
FN:628,Nft.vestingParams
FNDA:3,Nft.vestingParams
DA:629,3
FN:632,Nft.lockLpParams
FNDA:1009,Nft.lockLpParams
DA:633,1009
FN:636,Nft.yieldFarmParams
FNDA:3,Nft.yieldFarmParams
DA:637,3
FN:640,Nft.refundParams
FNDA:2,Nft.refundParams
DA:641,2
FN:647,Nft.min
FNDA:75,Nft.min
DA:648,75
FN:665,Nft.transferFrom
FNDA:2,Nft.transferFrom
DA:669,8006
BRDA:669,40,0,8004
BRDA:669,40,1,-
DA:670,8004
DA:672,8004
BRDA:672,41,0,8004
BRDA:672,41,1,-
DA:673,8004
DA:679,2
BRDA:679,42,0,1
BRDA:679,42,1,-
DA:680,1
DA:683,1
BRDA:683,43,0,1
BRDA:683,43,1,-
DA:686,1
FNF:19
FNH:19
LF:140
LH:140
BRF:88
BRH:79
end_of_record
